# JRE version: Java(TM) SE Runtime Environment (16.0.1+9) (build 16.0.1+9-24)
# Java VM: Java HotSpot(TM) 64-Bit Server VM (16.0.1+9-24, mixed mode, sharing, tiered, compressed oops, compressed class ptrs, g1 gc, windows-amd64)
GC Precious Log:
 CPUs: 8 total, 8 available
 Memory: 8039M
 Large Page Support: Disabled
 NUMA Support: Disabled
 Compressed Oops: Enabled (32-bit)
 Heap Region Size: 1M
 Heap Min Capacity: 8M
 Heap Initial Capacity: 126M
 Heap Max Capacity: 2010M
 Pre-touch: Disabled
 Parallel Workers: 8
 Concurrent Workers: 2
 Concurrent Refinement Workers: 8
 Periodic GC: Disabled
Heap:
 garbage-first heap   total 112640K, used 64376K [0x0000000082600000, 0x0000000100000000)
  region size 1024K, 25 young (25600K), 5 survivors (5120K)
 Metaspace       used 71639K, committed 72128K, reserved 1114112K
  class space    used 9346K, committed 9600K, reserved 1048576K
GC Heap History (20 events):
Event: 5.427 GC heap before
{Heap before GC invocations=7 (full 0):
 garbage-first heap   total 58368K, used 42435K [0x0000000082600000, 0x0000000100000000)
  region size 1024K, 28 young (28672K), 4 survivors (4096K)
 Metaspace       used 30974K, committed 31296K, reserved 1081344K
  class space    used 3905K, committed 4032K, reserved 1048576K
}
Event: 5.447 GC heap after
{Heap after GC invocations=8 (full 0):
 garbage-first heap   total 105472K, used 20438K [0x0000000082600000, 0x0000000100000000)
  region size 1024K, 4 young (4096K), 4 survivors (4096K)
 Metaspace       used 30974K, committed 31296K, reserved 1081344K
  class space    used 3905K, committed 4032K, reserved 1048576K
}
Event: 5.771 GC heap before
{Heap before GC invocations=8 (full 0):
 garbage-first heap   total 105472K, used 76758K [0x0000000082600000, 0x0000000100000000)
  region size 1024K, 60 young (61440K), 4 survivors (4096K)
 Metaspace       used 32904K, committed 33216K, reserved 1081344K
  class space    used 4092K, committed 4224K, reserved 1048576K
}
Event: 5.787 GC heap after
{Heap after GC invocations=9 (full 0):
 garbage-first heap   total 105472K, used 21717K [0x0000000082600000, 0x0000000100000000)
  region size 1024K, 6 young (6144K), 6 survivors (6144K)
 Metaspace       used 32904K, committed 33216K, reserved 1081344K
  class space    used 4092K, committed 4224K, reserved 1048576K
}
Event: 6.172 GC heap before
{Heap before GC invocations=9 (full 0):
 garbage-first heap   total 105472K, used 77013K [0x0000000082600000, 0x0000000100000000)
  region size 1024K, 61 young (62464K), 6 survivors (6144K)
 Metaspace       used 34957K, committed 35264K, reserved 1081344K
  class space    used 4341K, committed 4480K, reserved 1048576K
}
Event: 6.190 GC heap after
{Heap after GC invocations=10 (full 0):
 garbage-first heap   total 105472K, used 22940K [0x0000000082600000, 0x0000000100000000)
  region size 1024K, 5 young (5120K), 5 survivors (5120K)
 Metaspace       used 34957K, committed 35264K, reserved 1081344K
  class space    used 4341K, committed 4480K, reserved 1048576K
}
Event: 6.250 GC heap before
{Heap before GC invocations=10 (full 0):
 garbage-first heap   total 105472K, used 24988K [0x0000000082600000, 0x0000000100000000)
  region size 1024K, 8 young (8192K), 5 survivors (5120K)
 Metaspace       used 35526K, committed 35776K, reserved 1081344K
  class space    used 4420K, committed 4544K, reserved 1048576K
}
Event: 6.265 GC heap after
{Heap after GC invocations=11 (full 0):
 garbage-first heap   total 105472K, used 23248K [0x0000000082600000, 0x0000000100000000)
  region size 1024K, 3 young (3072K), 3 survivors (3072K)
 Metaspace       used 35526K, committed 35776K, reserved 1081344K
  class space    used 4420K, committed 4544K, reserved 1048576K
}
Event: 7.520 GC heap before
{Heap before GC invocations=12 (full 0):
 garbage-first heap   total 86016K, used 71376K [0x0000000082600000, 0x0000000100000000)
  region size 1024K, 50 young (51200K), 3 survivors (3072K)
 Metaspace       used 47887K, committed 48192K, reserved 1097728K
  class space    used 6197K, committed 6336K, reserved 1048576K
}
Event: 7.538 GC heap after
{Heap after GC invocations=13 (full 0):
 garbage-first heap   total 86016K, used 27577K [0x0000000082600000, 0x0000000100000000)
  region size 1024K, 7 young (7168K), 7 survivors (7168K)
 Metaspace       used 47887K, committed 48192K, reserved 1097728K
  class space    used 6197K, committed 6336K, reserved 1048576K
}
Event: 8.408 GC heap before
{Heap before GC invocations=13 (full 0):
 garbage-first heap   total 86016K, used 66489K [0x0000000082600000, 0x0000000100000000)
  region size 1024K, 45 young (46080K), 7 survivors (7168K)
 Metaspace       used 53749K, committed 54144K, reserved 1097728K
  class space    used 7046K, committed 7232K, reserved 1048576K
}
Event: 8.427 GC heap after
{Heap after GC invocations=14 (full 0):
 garbage-first heap   total 112640K, used 29712K [0x0000000082600000, 0x0000000100000000)
  region size 1024K, 3 young (3072K), 3 survivors (3072K)
 Metaspace       used 53749K, committed 54144K, reserved 1097728K
  class space    used 7046K, committed 7232K, reserved 1048576K
}
Event: 9.057 GC heap before
{Heap before GC invocations=14 (full 0):
 garbage-first heap   total 112640K, used 88080K [0x0000000082600000, 0x0000000100000000)
  region size 1024K, 60 young (61440K), 3 survivors (3072K)
 Metaspace       used 57917K, committed 58304K, reserved 1105920K
  class space    used 7578K, committed 7744K, reserved 1048576K
}
Event: 9.072 GC heap after
{Heap after GC invocations=15 (full 0):
 garbage-first heap   total 112640K, used 32380K [0x0000000082600000, 0x0000000100000000)
  region size 1024K, 5 young (5120K), 5 survivors (5120K)
 Metaspace       used 57917K, committed 58304K, reserved 1105920K
  class space    used 7578K, committed 7744K, reserved 1048576K
}
Event: 9.424 GC heap before
{Heap before GC invocations=15 (full 0):
 garbage-first heap   total 112640K, used 57980K [0x0000000082600000, 0x0000000100000000)
  region size 1024K, 31 young (31744K), 5 survivors (5120K)
 Metaspace       used 59605K, committed 59968K, reserved 1105920K
  class space    used 7808K, committed 8000K, reserved 1048576K
}
Event: 9.444 GC heap after
{Heap after GC invocations=16 (full 0):
 garbage-first heap   total 112640K, used 35463K [0x0000000082600000, 0x0000000100000000)
  region size 1024K, 6 young (6144K), 6 survivors (6144K)
 Metaspace       used 59605K, committed 59968K, reserved 1105920K
  class space    used 7808K, committed 8000K, reserved 1048576K
}
Event: 11.862 GC heap before
{Heap before GC invocations=17 (full 0):
 garbage-first heap   total 112640K, used 89735K [0x0000000082600000, 0x0000000100000000)
  region size 1024K, 59 young (60416K), 6 survivors (6144K)
 Metaspace       used 63392K, committed 63808K, reserved 1105920K
  class space    used 8420K, committed 8640K, reserved 1048576K
}
Event: 11.904 GC heap after
{Heap after GC invocations=18 (full 0):
 garbage-first heap   total 112640K, used 40733K [0x0000000082600000, 0x0000000100000000)
  region size 1024K, 8 young (8192K), 8 survivors (8192K)
 Metaspace       used 63392K, committed 63808K, reserved 1105920K
  class space    used 8420K, committed 8640K, reserved 1048576K
}
Event: 19.403 GC heap before
{Heap before GC invocations=19 (full 0):
 garbage-first heap   total 112640K, used 90909K [0x0000000082600000, 0x0000000100000000)
  region size 1024K, 55 young (56320K), 8 survivors (8192K)
 Metaspace       used 69774K, committed 70208K, reserved 1114112K
  class space    used 9135K, committed 9344K, reserved 1048576K
}
Event: 19.426 GC heap after
{Heap after GC invocations=20 (full 0):
 garbage-first heap   total 112640K, used 44920K [0x0000000082600000, 0x0000000100000000)
  region size 1024K, 5 young (5120K), 5 survivors (5120K)
 Metaspace       used 69774K, committed 70208K, reserved 1114112K
  class space    used 9135K, committed 9344K, reserved 1048576K
}

