# JRE version: Java(TM) SE Runtime Environment (16.0.1+9) (build 16.0.1+9-24)
# Java VM: Java HotSpot(TM) 64-Bit Server VM (16.0.1+9-24, mixed mode, sharing, tiered, compressed oops, compressed class ptrs, g1 gc, windows-amd64)
GC Precious Log:
 CPUs: 8 total, 8 available
 Memory: 8039M
 Large Page Support: Disabled
 NUMA Support: Disabled
 Compressed Oops: Enabled (32-bit)
 Heap Region Size: 1M
 Heap Min Capacity: 8M
 Heap Initial Capacity: 126M
 Heap Max Capacity: 2010M
 Pre-touch: Disabled
 Parallel Workers: 8
 Concurrent Workers: 2
 Concurrent Refinement Workers: 8
 Periodic GC: Disabled
Heap:
 garbage-first heap   total 98304K, used 53483K [0x0000000082600000, 0x0000000100000000)
  region size 1024K, 4 young (4096K), 1 survivors (1024K)
 Metaspace       used 75434K, committed 76160K, reserved 1122304K
  class space    used 9756K, committed 10112K, reserved 1048576K
GC Heap History (20 events):
Event: 17.420 GC heap before
{Heap before GC invocations=13 (full 0):
 garbage-first heap   total 81920K, used 61807K [0x0000000082600000, 0x0000000100000000)
  region size 1024K, 40 young (40960K), 6 survivors (6144K)
 Metaspace       used 52377K, committed 52800K, reserved 1097728K
  class space    used 6894K, committed 7104K, reserved 1048576K
}
Event: 17.430 GC heap after
{Heap after GC invocations=14 (full 0):
 garbage-first heap   total 81920K, used 28906K [0x0000000082600000, 0x0000000100000000)
  region size 1024K, 2 young (2048K), 2 survivors (2048K)
 Metaspace       used 52377K, committed 52800K, reserved 1097728K
  class space    used 6894K, committed 7104K, reserved 1048576K
}
Event: 18.431 GC heap before
{Heap before GC invocations=14 (full 0):
 garbage-first heap   total 81920K, used 62698K [0x0000000082600000, 0x0000000100000000)
  region size 1024K, 35 young (35840K), 2 survivors (2048K)
 Metaspace       used 56104K, committed 56512K, reserved 1097728K
  class space    used 7392K, committed 7616K, reserved 1048576K
}
Event: 18.436 GC heap after
{Heap after GC invocations=15 (full 0):
 garbage-first heap   total 81920K, used 31057K [0x0000000082600000, 0x0000000100000000)
  region size 1024K, 5 young (5120K), 5 survivors (5120K)
 Metaspace       used 56104K, committed 56512K, reserved 1097728K
  class space    used 7392K, committed 7616K, reserved 1048576K
}
Event: 18.957 GC heap before
{Heap before GC invocations=15 (full 0):
 garbage-first heap   total 81920K, used 62801K [0x0000000082600000, 0x0000000100000000)
  region size 1024K, 36 young (36864K), 5 survivors (5120K)
 Metaspace       used 57921K, committed 58304K, reserved 1105920K
  class space    used 7570K, committed 7744K, reserved 1048576K
}
Event: 18.973 GC heap after
{Heap after GC invocations=16 (full 0):
 garbage-first heap   total 81920K, used 32402K [0x0000000082600000, 0x0000000100000000)
  region size 1024K, 2 young (2048K), 2 survivors (2048K)
 Metaspace       used 57921K, committed 58304K, reserved 1105920K
  class space    used 7570K, committed 7744K, reserved 1048576K
}
Event: 19.391 GC heap before
{Heap before GC invocations=16 (full 0):
 garbage-first heap   total 81920K, used 56978K [0x0000000082600000, 0x0000000100000000)
  region size 1024K, 27 young (27648K), 2 survivors (2048K)
 Metaspace       used 58910K, committed 59328K, reserved 1105920K
  class space    used 7713K, committed 7936K, reserved 1048576K
}
Event: 19.405 GC heap after
{Heap after GC invocations=17 (full 0):
 garbage-first heap   total 98304K, used 34855K [0x0000000082600000, 0x0000000100000000)
  region size 1024K, 4 young (4096K), 4 survivors (4096K)
 Metaspace       used 58910K, committed 59328K, reserved 1105920K
  class space    used 7713K, committed 7936K, reserved 1048576K
}
Event: 20.236 GC heap before
{Heap before GC invocations=18 (full 0):
 garbage-first heap   total 98304K, used 76839K [0x0000000082600000, 0x0000000100000000)
  region size 1024K, 45 young (46080K), 4 survivors (4096K)
 Metaspace       used 62145K, committed 62592K, reserved 1105920K
  class space    used 8248K, committed 8448K, reserved 1048576K
}
Event: 20.255 GC heap after
{Heap after GC invocations=19 (full 0):
 garbage-first heap   total 98304K, used 38375K [0x0000000082600000, 0x0000000100000000)
  region size 1024K, 6 young (6144K), 6 survivors (6144K)
 Metaspace       used 62145K, committed 62592K, reserved 1105920K
  class space    used 8248K, committed 8448K, reserved 1048576K
}
Event: 21.946 GC heap before
{Heap before GC invocations=20 (full 0):
 garbage-first heap   total 98304K, used 77287K [0x0000000082600000, 0x0000000100000000)
  region size 1024K, 44 young (45056K), 6 survivors (6144K)
 Metaspace       used 64695K, committed 65088K, reserved 1105920K
  class space    used 8592K, committed 8768K, reserved 1048576K
}
Event: 21.969 GC heap after
{Heap after GC invocations=21 (full 0):
 garbage-first heap   total 98304K, used 43484K [0x0000000082600000, 0x0000000100000000)
  region size 1024K, 5 young (5120K), 5 survivors (5120K)
 Metaspace       used 64695K, committed 65088K, reserved 1105920K
  class space    used 8592K, committed 8768K, reserved 1048576K
}
Event: 40.822 GC heap before
{Heap before GC invocations=21 (full 0):
 garbage-first heap   total 98304K, used 79324K [0x0000000082600000, 0x0000000100000000)
  region size 1024K, 38 young (38912K), 5 survivors (5120K)
 Metaspace       used 70611K, committed 71104K, reserved 1114112K
  class space    used 9223K, committed 9472K, reserved 1048576K
}
Event: 40.854 GC heap after
{Heap after GC invocations=22 (full 0):
 garbage-first heap   total 98304K, used 46323K [0x0000000082600000, 0x0000000100000000)
  region size 1024K, 3 young (3072K), 3 survivors (3072K)
 Metaspace       used 70611K, committed 71104K, reserved 1114112K
  class space    used 9223K, committed 9472K, reserved 1048576K
}
Event: 41.596 GC heap before
{Heap before GC invocations=22 (full 0):
 garbage-first heap   total 98304K, used 77043K [0x0000000082600000, 0x0000000100000000)
  region size 1024K, 33 young (33792K), 3 survivors (3072K)
 Metaspace       used 72987K, committed 73664K, reserved 1114112K
  class space    used 9538K, committed 9856K, reserved 1048576K
}
Event: 41.640 GC heap after
{Heap after GC invocations=23 (full 0):
 garbage-first heap   total 98304K, used 51023K [0x0000000082600000, 0x0000000100000000)
  region size 1024K, 5 young (5120K), 5 survivors (5120K)
 Metaspace       used 72987K, committed 73664K, reserved 1114112K
  class space    used 9538K, committed 9856K, reserved 1048576K
}
Event: 76.568 GC heap before
{Heap before GC invocations=24 (full 0):
 garbage-first heap   total 98304K, used 78671K [0x0000000082600000, 0x0000000100000000)
  region size 1024K, 32 young (32768K), 5 survivors (5120K)
 Metaspace       used 75354K, committed 76096K, reserved 1122304K
  class space    used 9756K, committed 10112K, reserved 1048576K
}
Event: 76.607 GC heap after
{Heap after GC invocations=25 (full 0):
 garbage-first heap   total 98304K, used 53597K [0x0000000082600000, 0x0000000100000000)
  region size 1024K, 3 young (3072K), 3 survivors (3072K)
 Metaspace       used 75354K, committed 76096K, reserved 1122304K
  class space    used 9756K, committed 10112K, reserved 1048576K
}
Event: 76.619 GC heap before
{Heap before GC invocations=25 (full 0):
 garbage-first heap   total 98304K, used 53597K [0x0000000082600000, 0x0000000100000000)
  region size 1024K, 4 young (4096K), 3 survivors (3072K)
 Metaspace       used 75370K, committed 76096K, reserved 1122304K
  class space    used 9756K, committed 10112K, reserved 1048576K
}
Event: 76.666 GC heap after
{Heap after GC invocations=26 (full 0):
 garbage-first heap   total 98304K, used 51435K [0x0000000082600000, 0x0000000100000000)
  region size 1024K, 1 young (1024K), 1 survivors (1024K)
 Metaspace       used 75370K, committed 76096K, reserved 1122304K
  class space    used 9756K, committed 10112K, reserved 1048576K
}

